==================== JOB STARTED ====================
Start time: 2025年 07月 29日 星期二 14:24:31 CST
Working directory: /home/fanggang_1/hk/nnunet/nnUNet
Job ID: 4151.mgt
Tue Jul 29 14:24:32 2025       
+-----------------------------------------------------------------------------------------+
| NVIDIA-SMI 550.67                 Driver Version: 550.67         CUDA Version: 12.4     |
|-----------------------------------------+------------------------+----------------------+
| GPU  Name                 Persistence-M | Bus-Id          Disp.A | Volatile Uncorr. ECC |
| Fan  Temp   Perf          Pwr:Usage/Cap |           Memory-Usage | GPU-Util  Compute M. |
|                                         |                        |               MIG M. |
|=========================================+========================+======================|
|   0  Tesla V100-PCIE-32GB           Off |   00000000:5A:00.0 Off |                    0 |
| N/A   64C    P0            217W /  250W |   11798MiB /  32768MiB |     62%      Default |
|                                         |                        |                  N/A |
+-----------------------------------------+------------------------+----------------------+
|   1  Tesla V100-PCIE-32GB           Off |   00000000:66:00.0 Off |                    0 |
| N/A   31C    P0             24W /  250W |       4MiB /  32768MiB |      0%      Default |
|                                         |                        |                  N/A |
+-----------------------------------------+------------------------+----------------------+
                                                                                         
+-----------------------------------------------------------------------------------------+
| Processes:                                                                              |
|  GPU   GI   CI        PID   Type   Process name                              GPU Memory |
|        ID   ID                                                               Usage      |
|=========================================================================================|
|    0   N/A  N/A   3382263      C   ...1/.conda/envs/fnnUNet/bin/python3.1      11794MiB |
+-----------------------------------------------------------------------------------------+
Running nnUNet command with real-time logging...
Tue Jul 29 14:24:32 2025       
+-----------------------------------------------------------------------------------------+
| NVIDIA-SMI 550.67                 Driver Version: 550.67         CUDA Version: 12.4     |
|-----------------------------------------+------------------------+----------------------+
| GPU  Name                 Persistence-M | Bus-Id          Disp.A | Volatile Uncorr. ECC |
| Fan  Temp   Perf          Pwr:Usage/Cap |           Memory-Usage | GPU-Util  Compute M. |
|                                         |                        |               MIG M. |
|=========================================+========================+======================|
|   0  Tesla V100-PCIE-32GB           Off |   00000000:5A:00.0 Off |                    0 |
| N/A   66C    P0            241W /  250W |   11798MiB /  32768MiB |    100%      Default |
|                                         |                        |                  N/A |
+-----------------------------------------+------------------------+----------------------+
|   1  Tesla V100-PCIE-32GB           Off |   00000000:66:00.0 Off |                    0 |
| N/A   31C    P0             24W /  250W |       4MiB /  32768MiB |      0%      Default |
|                                         |                        |                  N/A |
+-----------------------------------------+------------------------+----------------------+
                                                                                         
+-----------------------------------------------------------------------------------------+
| Processes:                                                                              |
|  GPU   GI   CI        PID   Type   Process name                              GPU Memory |
|        ID   ID                                                               Usage      |
|=========================================================================================|
|    0   N/A  N/A   3382263      C   ...1/.conda/envs/fnnUNet/bin/python3.1      11794MiB |
+-----------------------------------------------------------------------------------------+
架构：           x86_64
CPU 运行模式：   32-bit, 64-bit
字节序：         Little Endian
CPU:             72
在线 CPU 列表：  0-71
每个核的线程数： 2
每个座的核数：   18
座：             2
NUMA 节点：      2
厂商 ID：        GenuineIntel
CPU 系列：       6
型号：           85
型号名称：       Intel(R) Xeon(R) Gold 6254 CPU @ 3.10GHz
步进：           7
CPU MHz：        4000.000
CPU 最大 MHz：   4000.0000
CPU 最小 MHz：   1200.0000
BogoMIPS：       6200.00
虚拟化：         VT-x
L1d 缓存：       32K
L1i 缓存：       32K
L2 缓存：        1024K
L3 缓存：        25344K
NUMA 节点0 CPU： 0-17,36-53
NUMA 节点1 CPU： 18-35,54-71
标记：           fpu vme de pse tsc msr pae mce cx8 apic sep mtrr pge mca cmov pat pse36 clflush dts acpi mmx fxsr sse sse2 ss ht tm pbe syscall nx pdpe1gb rdtscp lm constant_tsc art arch_perfmon pebs bts rep_good nopl xtopology nonstop_tsc cpuid aperfmperf pni pclmulqdq dtes64 ds_cpl vmx smx est tm2 ssse3 sdbg fma cx16 xtpr pdcm pcid dca sse4_1 sse4_2 x2apic movbe popcnt tsc_deadline_timer aes xsave avx f16c rdrand lahf_lm abm 3dnowprefetch cpuid_fault epb cat_l3 cdp_l3 invpcid_single ssbd mba ibrs ibpb stibp ibrs_enhanced tpr_shadow vnmi flexpriority ept vpid ept_ad fsgsbase tsc_adjust bmi1 avx2 smep bmi2 erms invpcid cqm mpx rdt_a avx512f avx512dq rdseed adx smap clflushopt clwb intel_pt avx512cd avx512bw avx512vl xsaveopt xsavec xgetbv1 xsaves cqm_llc cqm_occup_llc cqm_mbm_total cqm_mbm_local dtherm ida arat pln pts pku ospke avx512_vnni md_clear flush_l1d arch_capabilities
未指定文件，默认修复蒸馏模型文件夹...
找到 3 个 .pth 文件
正在修复: nnunetv2/DATASET/nnUNet_results/Dataset015_flare25/nnUNetTrainerLightweightDistillation__nnUNetPlans__3d_lowres/fold_0/checkpoint_best.pth
❌ 修复失败: nnunetv2/DATASET/nnUNet_results/Dataset015_flare25/nnUNetTrainerLightweightDistillation__nnUNetPlans__3d_lowres/fold_0/checkpoint_best.pth, 错误: module 'torch' has no attribute 'load'
正在修复: nnunetv2/DATASET/nnUNet_results/Dataset015_flare25/nnUNetTrainerLightweightDistillation__nnUNetPlans__3d_lowres/fold_0/checkpoint_latest.pth
❌ 修复失败: nnunetv2/DATASET/nnUNet_results/Dataset015_flare25/nnUNetTrainerLightweightDistillation__nnUNetPlans__3d_lowres/fold_0/checkpoint_latest.pth, 错误: module 'torch' has no attribute 'load'
正在修复: nnunetv2/DATASET/nnUNet_results/Dataset015_flare25/nnUNetTrainerLightweightDistillation__nnUNetPlans__3d_lowres/fold_0/checkpoint_final.pth
❌ 修复失败: nnunetv2/DATASET/nnUNet_results/Dataset015_flare25/nnUNetTrainerLightweightDistillation__nnUNetPlans__3d_lowres/fold_0/checkpoint_final.pth, 错误: module 'torch' has no attribute 'load'
Exit status: 0
End time: 2025年 07月 29日 星期二 14:24:33 CST
==================== JOB FINISHED ====================
